<?xml version="1.0" encoding="UTF-8"?>
<!-- Generated by org.testng.reporters.JUnitXMLReporter -->
<testsuite hostname="PRAMOD" name="Test" tests="1" failures="1" timestamp="16 Jun 2023 03:46:08 GMT" time="4.411" errors="0">
  <testcase name="test01" time="4.157" classname="com.tests.LoginTest">
    <failure type="org.openqa.selenium.SessionNotCreatedException" message="session not created: This version of ChromeDriver only supports Chrome version 109
Current browser version is 114.0.5735.134 with binary path C:\Users\pramo\AppData\Local\Google\Chrome\Application\chrome.exe
Build info: version: &amp;apos;3.141.59&amp;apos;, revision: &amp;apos;e82be7d358&amp;apos;, time: &amp;apos;2018-11-14T08:17:03&amp;apos;
System info: host: &amp;apos;PRAMOD&amp;apos;, ip: &amp;apos;192.168.225.249&amp;apos;, os.name: &amp;apos;Windows 10&amp;apos;, os.arch: &amp;apos;amd64&amp;apos;, os.version: &amp;apos;10.0&amp;apos;, java.version: &amp;apos;1.8.0_144&amp;apos;
Driver info: driver.version: ChromeDriver
remote stacktrace: Backtrace:
	(No symbol) [0x00716643]
	(No symbol) [0x006ABE21]
	(No symbol) [0x005ADA9D]
	(No symbol) [0x005D2911]
	(No symbol) [0x005CD630]
	(No symbol) [0x005CA899]
	(No symbol) [0x00606917]
	(No symbol) [0x0060655C]
	(No symbol) [0x005FFB76]
	(No symbol) [0x005D49C1]
	(No symbol) [0x005D5E5D]
	GetHandleVerifier [0x0098A142+2497106]
	GetHandleVerifier [0x009B85D3+2686691]
	GetHandleVerifier [0x009BBB9C+2700460]
	GetHandleVerifier [0x007C3B10+635936]
	(No symbol) [0x006B4A1F]
	(No symbol) [0x006BA418]
	(No symbol) [0x006BA505]
	(No symbol) [0x006C508B]
	BaseThreadInitThunk [0x76BE7D59+25]
	RtlInitializeExceptionChain [0x7742B74B+107]
	RtlClearBits [0x7742B6CF+191]
">
      <![CDATA[org.openqa.selenium.SessionNotCreatedException: session not created: This version of ChromeDriver only supports Chrome version 109
Current browser version is 114.0.5735.134 with binary path C:\Users\pramo\AppData\Local\Google\Chrome\Application\chrome.exe
Build info: version: '3.141.59', revision: 'e82be7d358', time: '2018-11-14T08:17:03'
System info: host: 'PRAMOD', ip: '192.168.225.249', os.name: 'Windows 10', os.arch: 'amd64', os.version: '10.0', java.version: '1.8.0_144'
Driver info: driver.version: ChromeDriver
remote stacktrace: Backtrace:
	(No symbol) [0x00716643]
	(No symbol) [0x006ABE21]
	(No symbol) [0x005ADA9D]
	(No symbol) [0x005D2911]
	(No symbol) [0x005CD630]
	(No symbol) [0x005CA899]
	(No symbol) [0x00606917]
	(No symbol) [0x0060655C]
	(No symbol) [0x005FFB76]
	(No symbol) [0x005D49C1]
	(No symbol) [0x005D5E5D]
	GetHandleVerifier [0x0098A142+2497106]
	GetHandleVerifier [0x009B85D3+2686691]
	GetHandleVerifier [0x009BBB9C+2700460]
	GetHandleVerifier [0x007C3B10+635936]
	(No symbol) [0x006B4A1F]
	(No symbol) [0x006BA418]
	(No symbol) [0x006BA505]
	(No symbol) [0x006C508B]
	BaseThreadInitThunk [0x76BE7D59+25]
	RtlInitializeExceptionChain [0x7742B74B+107]
	RtlClearBits [0x7742B6CF+191]

	at org.openqa.selenium.remote.W3CHandshakeResponse.lambda$errorHandler$0(W3CHandshakeResponse.java:62)
	at org.openqa.selenium.remote.HandshakeResponse.lambda$getResponseFunction$0(HandshakeResponse.java:30)
	at org.openqa.selenium.remote.ProtocolHandshake.lambda$createSession$0(ProtocolHandshake.java:126)
	at java.util.stream.ReferencePipeline$3$1.accept(ReferencePipeline.java:193)
	at java.util.Spliterators$ArraySpliterator.tryAdvance(Spliterators.java:958)
	at java.util.stream.ReferencePipeline.forEachWithCancel(ReferencePipeline.java:126)
	at java.util.stream.AbstractPipeline.copyIntoWithCancel(AbstractPipeline.java:498)
	at java.util.stream.AbstractPipeline.copyInto(AbstractPipeline.java:485)
	at java.util.stream.AbstractPipeline.wrapAndCopyInto(AbstractPipeline.java:471)
	at java.util.stream.FindOps$FindOp.evaluateSequential(FindOps.java:152)
	at java.util.stream.AbstractPipeline.evaluate(AbstractPipeline.java:234)
	at java.util.stream.ReferencePipeline.findFirst(ReferencePipeline.java:464)
	at org.openqa.selenium.remote.ProtocolHandshake.createSession(ProtocolHandshake.java:128)
	at org.openqa.selenium.remote.ProtocolHandshake.createSession(ProtocolHandshake.java:74)
	at org.openqa.selenium.remote.HttpCommandExecutor.execute(HttpCommandExecutor.java:136)
	at org.openqa.selenium.remote.service.DriverCommandExecutor.execute(DriverCommandExecutor.java:83)
	at org.openqa.selenium.remote.RemoteWebDriver.execute(RemoteWebDriver.java:552)
	at org.openqa.selenium.remote.RemoteWebDriver.startSession(RemoteWebDriver.java:213)
	at org.openqa.selenium.remote.RemoteWebDriver.<init>(RemoteWebDriver.java:131)
	at org.openqa.selenium.chrome.ChromeDriver.<init>(ChromeDriver.java:181)
	at org.openqa.selenium.chrome.ChromeDriver.<init>(ChromeDriver.java:168)
	at org.openqa.selenium.chrome.ChromeDriver.<init>(ChromeDriver.java:123)
	at com.base.BaseClass.initialization(BaseClass.java:35)
	at com.tests.LoginTest.test01(LoginTest.java:55)
... Removed 28 stack frames]]>
    </failure>
  </testcase> <!-- test01 -->
</testsuite> <!-- Test -->
